Using pre-set license
Built from '2022.3/staging' branch; Version is '2022.3.4f1 (35713cd46cd7) revision 3502396'; Using compiler version '192829333'; Build Type 'Release'
OS: 'Windows 10  (10.0.19045) 64bit Professional' Language: 'en' Physical Memory: 16348 MB
BatchMode: 1, IsHumanControllingUs: 0, StartBugReporterOnCrash: 0, Is64bit: 1, IsPro: 1

COMMAND LINE ARGUMENTS:
E:\Unity Editor\2022.3.4f1\Editor\Unity.exe
-adb2
-batchMode
-noUpm
-name
AssetImportWorker3
-projectPath
E:/Game-Platforms
-logFile
Logs/AssetImportWorker3.log
-srvPort
61246
Successfully changed project path to: E:/Game-Platforms
E:/Game-Platforms
[UnityMemory] Configuration Parameters - Can be set up in boot.config
    "memorysetup-bucket-allocator-granularity=16"
    "memorysetup-bucket-allocator-bucket-count=8"
    "memorysetup-bucket-allocator-block-size=33554432"
    "memorysetup-bucket-allocator-block-count=8"
    "memorysetup-main-allocator-block-size=16777216"
    "memorysetup-thread-allocator-block-size=16777216"
    "memorysetup-gfx-main-allocator-block-size=16777216"
    "memorysetup-gfx-thread-allocator-block-size=16777216"
    "memorysetup-cache-allocator-block-size=4194304"
    "memorysetup-typetree-allocator-block-size=2097152"
    "memorysetup-profiler-bucket-allocator-granularity=16"
    "memorysetup-profiler-bucket-allocator-bucket-count=8"
    "memorysetup-profiler-bucket-allocator-block-size=33554432"
    "memorysetup-profiler-bucket-allocator-block-count=8"
    "memorysetup-profiler-allocator-block-size=16777216"
    "memorysetup-profiler-editor-allocator-block-size=1048576"
    "memorysetup-temp-allocator-size-main=16777216"
    "memorysetup-job-temp-allocator-block-size=2097152"
    "memorysetup-job-temp-allocator-block-size-background=1048576"
    "memorysetup-job-temp-allocator-reduction-small-platforms=262144"
    "memorysetup-allocator-temp-initial-block-size-main=262144"
    "memorysetup-allocator-temp-initial-block-size-worker=262144"
    "memorysetup-temp-allocator-size-background-worker=32768"
    "memorysetup-temp-allocator-size-job-worker=262144"
    "memorysetup-temp-allocator-size-preload-manager=33554432"
    "memorysetup-temp-allocator-size-nav-mesh-worker=65536"
    "memorysetup-temp-allocator-size-audio-worker=65536"
    "memorysetup-temp-allocator-size-cloud-worker=32768"
    "memorysetup-temp-allocator-size-gi-baking-worker=262144"
    "memorysetup-temp-allocator-size-gfx=262144"
Player connection [40096] Host "[IP] 100.67.70.2 [Port] 0 [Flags] 2 [Guid] 2558920792 [EditorId] 2558920792 [Version] 1048832 [Id] WindowsEditor(7,Closure) [Debug] 1 [PackageName] WindowsEditor [ProjectName] Editor" joined multi-casting on [225.0.0.222:54997]...

Player connection [40096] Host "[IP] 100.67.70.2 [Port] 0 [Flags] 2 [Guid] 2558920792 [EditorId] 2558920792 [Version] 1048832 [Id] WindowsEditor(7,Closure) [Debug] 1 [PackageName] WindowsEditor [ProjectName] Editor" joined alternative multi-casting on [225.0.0.222:34997]...

Refreshing native plugins compatible for Editor in 416.02 ms, found 12 plugins.
Preloading 1 native plugins for Editor in 17.48 ms.
Initialize engine version: 2022.3.4f1 (35713cd46cd7)
[Subsystems] Discovering subsystems at path E:/Unity Editor/2022.3.4f1/Editor/Data/Resources/UnitySubsystems
[Subsystems] Discovering subsystems at path E:/Game-Platforms/Assets
GfxDevice: creating device client; threaded=0; jobified=0
Direct3D:
    Version:  Direct3D 11.0 [level 11.1]
    Renderer: NVIDIA GeForce GTX 1080 (ID=0x1b80)
    Vendor:   NVIDIA
    VRAM:     8072 MB
    Driver:   31.0.15.3713
Initialize mono
Mono path[0] = 'E:/Unity Editor/2022.3.4f1/Editor/Data/Managed'
Mono path[1] = 'E:/Unity Editor/2022.3.4f1/Editor/Data/MonoBleedingEdge/lib/mono/unityjit-win32'
Mono config path = 'E:/Unity Editor/2022.3.4f1/Editor/Data/MonoBleedingEdge/etc'
Using monoOptions --debugger-agent=transport=dt_socket,embedding=1,server=y,suspend=n,address=127.0.0.1:56188
Begin MonoManager ReloadAssembly
Registering precompiled unity dll's ...
Register platform support module: E:/Unity Editor/2022.3.4f1/Editor/Data/PlaybackEngines/AndroidPlayer/UnityEditor.Android.Extensions.dll
Register platform support module: E:/Unity Editor/2022.3.4f1/Editor/Data/PlaybackEngines/WindowsStandaloneSupport/UnityEditor.WindowsStandalone.Extensions.dll
Register platform support module: E:/Unity Editor/2022.3.4f1/Editor/Data/PlaybackEngines/MetroSupport/UnityEditor.UWP.Extensions.dll
Registered in 0.152617 seconds.
- Loaded All Assemblies, in  1.587 seconds
Native extension for UWP target not found
Native extension for WindowsStandalone target not found
Native extension for Android target not found
Android Extension - Scanning For ADB Devices 578 ms
Mono: successfully reloaded assembly
- Finished resetting the current domain, in  0.925 seconds
Domain Reload Profiling: 2512ms
	BeginReloadAssembly (1061ms)
		ExecutionOrderSort (0ms)
		DisableScriptedObjects (0ms)
		BackupInstance (0ms)
		ReleaseScriptingObjects (0ms)
		CreateAndSetChildDomain (1ms)
	RebuildCommonClasses (30ms)
	RebuildNativeTypeToScriptingClass (10ms)
	initialDomainReloadingComplete (217ms)
	LoadAllAssembliesAndSetupDomain (269ms)
		LoadAssemblies (1061ms)
		RebuildTransferFunctionScriptingTraits (0ms)
		AnalyzeDomain (265ms)
			TypeCache.Refresh (264ms)
				TypeCache.ScanAssembly (252ms)
			ScanForSourceGeneratedMonoScriptInfo (0ms)
			ResolveRequiredComponents (0ms)
	FinalizeReload (925ms)
		ReleaseScriptCaches (0ms)
		RebuildScriptCaches (0ms)
		SetupLoadedEditorAssemblies (871ms)
			LogAssemblyErrors (0ms)
			InitializePlatformSupportModulesInManaged (714ms)
			SetLoadedEditorAssemblies (3ms)
			RefreshPlugins (0ms)
			BeforeProcessingInitializeOnLoad (2ms)
			ProcessInitializeOnLoadAttributes (86ms)
			ProcessInitializeOnLoadMethodAttributes (66ms)
			AfterProcessingInitializeOnLoad (0ms)
			EditorAssembliesLoaded (0ms)
		ExecutionOrderSort2 (0ms)
		AwakeInstancesAfterBackupRestoration (0ms)
========================================================================
Worker process is ready to serve import requests
Begin MonoManager ReloadAssembly
Symbol file LoadedFromMemory doesn't match image E:\Game-Platforms\Library\PackageCache\com.unity.visualscripting@1.8.0\Editor\VisualScripting.Core\Dependencies\YamlDotNet\Unity.VisualScripting.YamlDotNet.dll
Symbol file LoadedFromMemory doesn't match image E:\Game-Platforms\Library\PackageCache\com.unity.visualscripting@1.8.0\Editor\VisualScripting.Core\Dependencies\DotNetZip\Unity.VisualScripting.IonicZip.dll
- Loaded All Assemblies, in  2.373 seconds
Refreshing native plugins compatible for Editor in 8.33 ms, found 12 plugins.
Native extension for UWP target not found
Native extension for WindowsStandalone target not found
Native extension for Android target not found
Package Manager log level set to [2]
[Package Manager] Server::EnsureServerProcessIsRunning -- launch failed, reason: Unity was launched with the -noUpm command-line argument
[Package Manager] UpmClient::Send -- Unable to send message (not connected to UPM process).
[Package Manager] Cannot connect to Unity Package Manager local server
System.Reflection.TargetInvocationException: Exception has been thrown by the target of an invocation. ---> System.NullReferenceException: Object reference not set to an instance of an object
  at Unity.XR.Oculus.OculusLoader.AssetPathToAbsolutePath (System.String assetPath) [0x0003d] in .\Library\PackageCache\com.unity.xr.oculus@4.0.0\Runtime\OculusLoader.cs:282 
  at Unity.XR.Oculus.OculusLoader.EditorLoadOVRPlugin () [0x0007b] in .\Library\PackageCache\com.unity.xr.oculus@4.0.0\Runtime\OculusLoader.cs:267 
  at (wrapper managed-to-native) System.Reflection.RuntimeMethodInfo.InternalInvoke(System.Reflection.RuntimeMethodInfo,object,object[],System.Exception&)
  at System.Reflection.RuntimeMethodInfo.Invoke (System.Object obj, System.Reflection.BindingFlags invokeAttr, System.Reflection.Binder binder, System.Object[] parameters, System.Globalization.CultureInfo culture) [0x0006a] in <605bf8b31fcb444b85176da963870aa7>:0 
   --- End of inner exception stack trace ---
  at System.Reflection.RuntimeMethodInfo.Invoke (System.Object obj, System.Reflection.BindingFlags invokeAttr, System.Reflection.Binder binder, System.Object[] parameters, System.Globalization.CultureInfo culture) [0x00083] in <605bf8b31fcb444b85176da963870aa7>:0 
  at System.Reflection.MethodBase.Invoke (System.Object obj, System.Object[] parameters) [0x00000] in <605bf8b31fcb444b85176da963870aa7>:0 
  at UnityEditor.EditorAssemblies.ProcessInitializeOnLoadMethodAttributes () [0x000a5] in <da771086bc2e4cfc9ad0a72e083a7f98>:0 
UnityEngine.StackTraceUtility:ExtractStackTrace ()
UnityEngine.DebugLogHandler:LogFormat (UnityEngine.LogType,UnityEngine.Object,string,object[])
UnityEngine.Logger:Log (UnityEngine.LogType,object)
UnityEngine.Debug:LogError (object)
UnityEditor.EditorAssemblies:ProcessInitializeOnLoadMethodAttributes ()

Mono: successfully reloaded assembly
[Package Manager] Server::EnsureServerProcessIsRunning -- launch failed, reason: Unity was launched with the -noUpm command-line argument
[Package Manager] UpmClient::Send -- Unable to send message (not connected to UPM process).
[Package Manager] Cannot connect to Unity Package Manager local server
[Package Manager] Server::EnsureServerProcessIsRunning -- launch failed, reason: Unity was launched with the -noUpm command-line argument
[Package Manager] UpmClient::Send -- Unable to send message (not connected to UPM process).
[Package Manager] Cannot connect to Unity Package Manager local server
- Finished resetting the current domain, in  0.983 seconds
Domain Reload Profiling: 3355ms
	BeginReloadAssembly (110ms)
		ExecutionOrderSort (0ms)
		DisableScriptedObjects (5ms)
		BackupInstance (0ms)
		ReleaseScriptingObjects (0ms)
		CreateAndSetChildDomain (19ms)
	RebuildCommonClasses (30ms)
	RebuildNativeTypeToScriptingClass (10ms)
	initialDomainReloadingComplete (35ms)
	LoadAllAssembliesAndSetupDomain (2186ms)
		LoadAssemblies (1879ms)
		RebuildTransferFunctionScriptingTraits (0ms)
		AnalyzeDomain (362ms)
			TypeCache.Refresh (321ms)
				TypeCache.ScanAssembly (308ms)
			ScanForSourceGeneratedMonoScriptInfo (29ms)
			ResolveRequiredComponents (11ms)
	FinalizeReload (984ms)
		ReleaseScriptCaches (0ms)
		RebuildScriptCaches (0ms)
		SetupLoadedEditorAssemblies (791ms)
			LogAssemblyErrors (0ms)
			InitializePlatformSupportModulesInManaged (19ms)
			SetLoadedEditorAssemblies (5ms)
			RefreshPlugins (0ms)
			BeforeProcessingInitializeOnLoad (81ms)
			ProcessInitializeOnLoadAttributes (582ms)
			ProcessInitializeOnLoadMethodAttributes (101ms)
			AfterProcessingInitializeOnLoad (3ms)
			EditorAssembliesLoaded (0ms)
		ExecutionOrderSort2 (0ms)
		AwakeInstancesAfterBackupRestoration (7ms)
Launched and connected shader compiler UnityShaderCompiler.exe after 0.21 seconds
Refreshing native plugins compatible for Editor in 8.21 ms, found 12 plugins.
Preloading 1 native plugins for Editor in 0.05 ms.
Unloading 6410 Unused Serialized files (Serialized files now loaded: 0)
Unloading 109 unused Assets / (0.7 MB). Loaded Objects now: 6901.
Memory consumption went from 241.6 MB to 240.9 MB.
Total: 4.641600 ms (FindLiveObjects: 0.449600 ms CreateObjectMapping: 0.422400 ms MarkObjects: 3.428800 ms  DeleteObjects: 0.340200 ms)

AssetImportParameters requested are different than current active one (requested -> active):
  custom:container-demuxer-ogg: 62fdf1f143b41e24485cea50d1cbac27 -> 
  custom:video-decoder-ogg-theora: a1e56fd34408186e4bbccfd4996cb3dc -> 
  custom:scripting/monoscript/fileName/XRGeneralSettingsPerBuildTarget.cs: 16ff37e57a568e497be4f0712a9a33c4 -> 6970e5bff368910038049eb1434facbf
  custom:scripting/monoscript/fileName/XRLoaderInfo.cs: 818894a2d66a1c67db7c4797664322f2 -> 86fa513bfc04d58509db292069910bf2
  custom:framework-win-MediaFoundation: 216162199b28c13a410421893ffa2e32 -> 
  custom:scripting/monoscript/fileName/XRSettingsManager.cs: 43c3d777d0c8ebd09beeda0c7fff1e95 -> 701988ef3c16e84d3bc781477493ab34
  custom:scripting/monoscript/fileName/IXRLoaderPreInit.cs: 60a65812967a6a994d323fb4a3bc40d7 -> 4dbca4fbe4a89e2a18943694f414e3a9
  custom:scripting/monoscript/fileName/XRGeneralBuildProcessor.cs: 0efaf30eeb6ecccfafe5b7912a15e1e1 -> d52e14652f14fd6e56a66a859653fea9
  custom:scripting/monoscript/fileName/XRGeneralSettings.cs: d08d3d9bd0dc40127f8f3154525c3cb3 -> 01e68fef49e5cbf622bb7b4ffc622d89
  custom:scripting/monoscript/fileName/XRManagerEditor.cs: 7d85fed4b8ad462e9dbb09e8d2f0aac4 -> 6847a9ea85cd2d801d895b625e9590ff
  custom:scripting/monoscript/fileName/XRBuildProcessorHelper.cs: 8f6297df34271fdb1ce2d9607ec6261d -> 90647cc400823b41df847a6cbfc29026
  custom:scripting/monoscript/fileName/TypeLoaderExtensions.cs: 3d9383ab701f2e57f1a038529027b2d7 -> ee5d3b5e5d81c98c5d3594e8b9153df0
  custom:CustomObjectIndexerAttribute: a3ef5dd2817f97addfee359851a9dba5 -> 
  custom:scripting/monoscript/fileName/XRConfigurationProvider.cs: b6037a01878f8a392f51d1eb57a74c21 -> fa91ddd62be7b4c45bfd03890af30249
  custom:scripting/monoscript/fileName/XREditorWorkQueue.cs: dab5497c8483e158d471edc9c890b6df -> 8e928039a032f154dc8a86537aaac69a
  custom:container-demuxer-webm: 4f35f7cbe854078d1ac9338744f61a02 -> 
  custom:scripting/monoscript/fileName/PackageNotificationUtils.cs: b122d810307522aba068b1ac06f7cf0f -> e493f521fc1755dec19875ae28a4f621
  custom:scripting/monoscript/fileName/XRPackageMetadataStore.cs: d9d78f910195bd2f088340a24a66c769 -> e06e5e9ffca9529e9db63900dd9caf32
  custom:scripting/monoscript/fileName/XRLoaderInfoManager.cs: 372bb785917be4037ad09602c4baf05a -> 28efaa63edac30b89ccc35ca2bf149fa
  custom:scripting/monoscript/fileName/XRConfigurationData.cs: 713f6b36380d0712ad8a9b08f19954ed -> 2cf07b13d54bfee2898ed6dc38612fbb
  custom:scripting/monoscript/fileName/XRManagerSettings.cs: 2ba91bbcf8d586faaa2b8e5422b0984f -> 39a1227fa3c478af29a735ec246b6baf
  custom:scripting/monoscript/fileName/XRLegacyUninstaller.cs: 5eab1913f4344c5c616ea18e03ba346f -> b85851af39f83959c5c298effbf32139
  custom:scripting/monoscript/fileName/XRCustomLoaderUIManager.cs: 177a81916dab61baa07e1ecf7d381d35 -> 4be5a8f671a1d808dd1496961b79b86b
  custom:container-muxer-webm: aa71ff27fc2769a1b78a27578f13a17b -> 
  custom:video-decoder-webm-vp8: 9c59270c3fd7afecdb556c50c9e8de78 -> 
  custom:scripting/monoscript/fileName/XRGeneralSettingsUpgrade.cs: 98c0aaec402c0674f97631d2b5f2a00f -> cc8d2e81204b3fd0e662cd38ef4a2d49
  custom:AudioImporter_EditorPlatform: d09bf68614088b80899f8185d706f6e7 -> 
  custom:scripting/monoscript/fileName/XRCustomLoaderUI.cs: 68887eacb86f7c8c452f082dde8bf048 -> a1b6225426bb5004db8b9d7388fe5771
  custom:scripting/monoscript/fileName/XRLoaderHelper.cs: e785a36687843ea6d40b3bb49d46a2ce -> ae85c4c4a11fcc1ed3393963333e400c
  custom:scripting/monoscript/fileName/XRLoader.cs: 8f1bb337f7721c83af550d3df06246de -> d82cec0b87bab7dffe74fb3651887ce3
  custom:scripting/monoscript/fileName/XRSupportedBuildTargetAttribute.cs: d075f5cdbd7f3fba5045a0f25f0a7974 -> f87a91ba911f6030453bea8d921b45d2
  custom:scripting/monoscript/fileName/BuildHelpers.cs: 60689066956cb69bbd1112f8f936b371 -> 52ee9552b5cbbfe4eb60d480e36ffff5
  custom:scripting/monoscript/fileName/XRLoaderOrderUI.cs: 65b20182e989272b7e0439cd47eae80e -> 7bb0491ac9109774b097f2da80cd0c03
  custom:video-encoder-webm-vp8: eb34c28f22e8b96e1ab97ce403110664 -> 
  custom:audio-decoder-ogg-vorbis: bf7c407c2cedff20999df2af8eb42d56 -> 
  custom:scripting/monoscript/fileName/EditorUtilities.cs: 01864f070e14f3584960ef5627cf9e55 -> 219d482e32bf0c01357e773617418955
  custom:scripting/monoscript/fileName/XRPackageInitialization.cs: 4687a00f1392b5bb00ca59be52d7c900 -> 1f095dd277a284b59543541a608de1da
  custom:scripting/monoscript/fileName/KnownPackages.cs: 8e3f5b7343537bbeab619d0c9113bdc3 -> 5131bbb130bb4652742f626552744ac4
  custom:scripting/monoscript/fileName/XRConstants.cs: 1730138bf046fc0a6b2954c86c6d0041 -> 1558884a4b0ea94b4910dd640a0e6741
  custom:scripting/monoscript/fileName/XRManagementAnalytics.cs: bf117eef22dee001b4c5f21604af7845 -> 546181baf4c03dbbd57015a6731508f8
  custom:scripting/monoscript/fileName/XRPackage.cs: a7ee512db104827eeeec71c027c7f720 -> f2edbbf87f9b798abaf2a9f285d155f5
  custom:audio-encoder-webm-vorbis: bf7c407c2cedff20999df2af8eb42d56 -> 
  custom:scripting/monoscript/fileName/XRPackageInitializationSettings.cs: 8fd1fa271763012401d1991ada19c70e -> 2f743437d3b09c9a4a5a33e9be971b1a
  custom:scripting/monoscript/fileName/XRPackageMetadata.cs: 4f8a12748efcdfd2878565fdb174a717 -> 16731333f575d8bc31df496aced36ebf
========================================================================
Received Prepare
Begin MonoManager ReloadAssembly
Symbol file LoadedFromMemory doesn't match image E:\Game-Platforms\Library\PackageCache\com.unity.visualscripting@1.8.0\Editor\VisualScripting.Core\Dependencies\YamlDotNet\Unity.VisualScripting.YamlDotNet.dll
Symbol file LoadedFromMemory doesn't match image E:\Game-Platforms\Library\PackageCache\com.unity.visualscripting@1.8.0\Editor\VisualScripting.Core\Dependencies\DotNetZip\Unity.VisualScripting.IonicZip.dll
- Loaded All Assemblies, in  0.754 seconds
Refreshing native plugins compatible for Editor in 10.46 ms, found 12 plugins.
Native extension for UWP target not found
Native extension for WindowsStandalone target not found
Native extension for Android target not found
[Package Manager] Server::EnsureServerProcessIsRunning -- launch failed, reason: Unity was launched with the -noUpm command-line argument
[Package Manager] UpmClient::Send -- Unable to send message (not connected to UPM process).
[Package Manager] Cannot connect to Unity Package Manager local server
System.Reflection.TargetInvocationException: Exception has been thrown by the target of an invocation. ---> System.NullReferenceException: Object reference not set to an instance of an object
  at Unity.XR.Oculus.OculusLoader.AssetPathToAbsolutePath (System.String assetPath) [0x0003d] in .\Library\PackageCache\com.unity.xr.oculus@4.0.0\Runtime\OculusLoader.cs:282 
  at Unity.XR.Oculus.OculusLoader.EditorLoadOVRPlugin () [0x0007b] in .\Library\PackageCache\com.unity.xr.oculus@4.0.0\Runtime\OculusLoader.cs:267 
  at (wrapper managed-to-native) System.Reflection.RuntimeMethodInfo.InternalInvoke(System.Reflection.RuntimeMethodInfo,object,object[],System.Exception&)
  at System.Reflection.RuntimeMethodInfo.Invoke (System.Object obj, System.Reflection.BindingFlags invokeAttr, System.Reflection.Binder binder, System.Object[] parameters, System.Globalization.CultureInfo culture) [0x0006a] in <605bf8b31fcb444b85176da963870aa7>:0 
   --- End of inner exception stack trace ---
  at System.Reflection.RuntimeMethodInfo.Invoke (System.Object obj, System.Reflection.BindingFlags invokeAttr, System.Reflection.Binder binder, System.Object[] parameters, System.Globalization.CultureInfo culture) [0x00083] in <605bf8b31fcb444b85176da963870aa7>:0 
  at System.Reflection.MethodBase.Invoke (System.Object obj, System.Object[] parameters) [0x00000] in <605bf8b31fcb444b85176da963870aa7>:0 
  at UnityEditor.EditorAssemblies.ProcessInitializeOnLoadMethodAttributes () [0x000a5] in <da771086bc2e4cfc9ad0a72e083a7f98>:0 
UnityEngine.StackTraceUtility:ExtractStackTrace ()
UnityEngine.DebugLogHandler:LogFormat (UnityEngine.LogType,UnityEngine.Object,string,object[])
UnityEngine.Logger:Log (UnityEngine.LogType,object)
UnityEngine.Debug:LogError (object)
UnityEditor.EditorAssemblies:ProcessInitializeOnLoadMethodAttributes ()

Mono: successfully reloaded assembly
[Package Manager] Server::EnsureServerProcessIsRunning -- launch failed, reason: Unity was launched with the -noUpm command-line argument
[Package Manager] UpmClient::Send -- Unable to send message (not connected to UPM process).
[Package Manager] Cannot connect to Unity Package Manager local server
- Finished resetting the current domain, in  1.190 seconds
Domain Reload Profiling: 1942ms
	BeginReloadAssembly (139ms)
		ExecutionOrderSort (0ms)
		DisableScriptedObjects (4ms)
		BackupInstance (0ms)
		ReleaseScriptingObjects (0ms)
		CreateAndSetChildDomain (43ms)
	RebuildCommonClasses (29ms)
	RebuildNativeTypeToScriptingClass (14ms)
	initialDomainReloadingComplete (29ms)
	LoadAllAssembliesAndSetupDomain (539ms)
		LoadAssemblies (254ms)
		RebuildTransferFunctionScriptingTraits (0ms)
		AnalyzeDomain (342ms)
			TypeCache.Refresh (330ms)
				TypeCache.ScanAssembly (318ms)
			ScanForSourceGeneratedMonoScriptInfo (0ms)
			ResolveRequiredComponents (12ms)
	FinalizeReload (1191ms)
		ReleaseScriptCaches (0ms)
		RebuildScriptCaches (0ms)
		SetupLoadedEditorAssemblies (649ms)
			LogAssemblyErrors (0ms)
			InitializePlatformSupportModulesInManaged (20ms)
			SetLoadedEditorAssemblies (5ms)
			RefreshPlugins (0ms)
			BeforeProcessingInitializeOnLoad (92ms)
			ProcessInitializeOnLoadAttributes (436ms)
			ProcessInitializeOnLoadMethodAttributes (91ms)
			AfterProcessingInitializeOnLoad (4ms)
			EditorAssembliesLoaded (0ms)
		ExecutionOrderSort2 (0ms)
		AwakeInstancesAfterBackupRestoration (10ms)
Refreshing native plugins compatible for Editor in 10.74 ms, found 12 plugins.
Preloading 1 native plugins for Editor in 0.06 ms.
Unloading 6263 Unused Serialized files (Serialized files now loaded: 0)
Unloading 74 unused Assets / (0.7 MB). Loaded Objects now: 6906.
Memory consumption went from 211.8 MB to 211.1 MB.
Total: 6.087900 ms (FindLiveObjects: 0.543100 ms CreateObjectMapping: 0.571100 ms MarkObjects: 4.446800 ms  DeleteObjects: 0.525800 ms)

Prepare: number of updated asset objects reloaded= 0
AssetImportParameters requested are different than current active one (requested -> active):
  custom:container-demuxer-ogg: 62fdf1f143b41e24485cea50d1cbac27 -> 
  custom:video-decoder-ogg-theora: a1e56fd34408186e4bbccfd4996cb3dc -> 
  custom:scripting/monoscript/fileName/XRGeneralSettingsPerBuildTarget.cs: 16ff37e57a568e497be4f0712a9a33c4 -> 6970e5bff368910038049eb1434facbf
  custom:scripting/monoscript/fileName/XRLoaderInfo.cs: 818894a2d66a1c67db7c4797664322f2 -> 86fa513bfc04d58509db292069910bf2
  custom:framework-win-MediaFoundation: 216162199b28c13a410421893ffa2e32 -> 
  custom:scripting/monoscript/fileName/XRSettingsManager.cs: 43c3d777d0c8ebd09beeda0c7fff1e95 -> 701988ef3c16e84d3bc781477493ab34
  custom:scripting/monoscript/fileName/IXRLoaderPreInit.cs: 60a65812967a6a994d323fb4a3bc40d7 -> 4dbca4fbe4a89e2a18943694f414e3a9
  custom:scripting/monoscript/fileName/XRGeneralBuildProcessor.cs: 0efaf30eeb6ecccfafe5b7912a15e1e1 -> d52e14652f14fd6e56a66a859653fea9
  custom:scripting/monoscript/fileName/XRGeneralSettings.cs: d08d3d9bd0dc40127f8f3154525c3cb3 -> 01e68fef49e5cbf622bb7b4ffc622d89
  custom:scripting/monoscript/fileName/XRManagerEditor.cs: 7d85fed4b8ad462e9dbb09e8d2f0aac4 -> 6847a9ea85cd2d801d895b625e9590ff
  custom:scripting/monoscript/fileName/XRBuildProcessorHelper.cs: 8f6297df34271fdb1ce2d9607ec6261d -> 90647cc400823b41df847a6cbfc29026
  custom:scripting/monoscript/fileName/TypeLoaderExtensions.cs: 3d9383ab701f2e57f1a038529027b2d7 -> ee5d3b5e5d81c98c5d3594e8b9153df0
  custom:CustomObjectIndexerAttribute: a3ef5dd2817f97addfee359851a9dba5 -> 
  custom:scripting/monoscript/fileName/XRConfigurationProvider.cs: b6037a01878f8a392f51d1eb57a74c21 -> fa91ddd62be7b4c45bfd03890af30249
  custom:scripting/monoscript/fileName/XREditorWorkQueue.cs: dab5497c8483e158d471edc9c890b6df -> 8e928039a032f154dc8a86537aaac69a
  custom:container-demuxer-webm: 4f35f7cbe854078d1ac9338744f61a02 -> 
  custom:scripting/monoscript/fileName/PackageNotificationUtils.cs: b122d810307522aba068b1ac06f7cf0f -> e493f521fc1755dec19875ae28a4f621
  custom:scripting/monoscript/fileName/XRPackageMetadataStore.cs: d9d78f910195bd2f088340a24a66c769 -> e06e5e9ffca9529e9db63900dd9caf32
  custom:scripting/monoscript/fileName/XRLoaderInfoManager.cs: 372bb785917be4037ad09602c4baf05a -> 28efaa63edac30b89ccc35ca2bf149fa
  custom:scripting/monoscript/fileName/XRConfigurationData.cs: 713f6b36380d0712ad8a9b08f19954ed -> 2cf07b13d54bfee2898ed6dc38612fbb
  custom:scripting/monoscript/fileName/XRManagerSettings.cs: 2ba91bbcf8d586faaa2b8e5422b0984f -> 39a1227fa3c478af29a735ec246b6baf
  custom:scripting/monoscript/fileName/XRLegacyUninstaller.cs: 5eab1913f4344c5c616ea18e03ba346f -> b85851af39f83959c5c298effbf32139
  custom:scripting/monoscript/fileName/XRCustomLoaderUIManager.cs: 177a81916dab61baa07e1ecf7d381d35 -> 4be5a8f671a1d808dd1496961b79b86b
  custom:container-muxer-webm: aa71ff27fc2769a1b78a27578f13a17b -> 
  custom:video-decoder-webm-vp8: 9c59270c3fd7afecdb556c50c9e8de78 -> 
  custom:scripting/monoscript/fileName/XRGeneralSettingsUpgrade.cs: 98c0aaec402c0674f97631d2b5f2a00f -> cc8d2e81204b3fd0e662cd38ef4a2d49
  custom:AudioImporter_EditorPlatform: d09bf68614088b80899f8185d706f6e7 -> 
  custom:scripting/monoscript/fileName/XRCustomLoaderUI.cs: 68887eacb86f7c8c452f082dde8bf048 -> a1b6225426bb5004db8b9d7388fe5771
  custom:scripting/monoscript/fileName/XRLoaderHelper.cs: e785a36687843ea6d40b3bb49d46a2ce -> ae85c4c4a11fcc1ed3393963333e400c
  custom:scripting/monoscript/fileName/XRLoader.cs: 8f1bb337f7721c83af550d3df06246de -> d82cec0b87bab7dffe74fb3651887ce3
  custom:scripting/monoscript/fileName/XRSupportedBuildTargetAttribute.cs: d075f5cdbd7f3fba5045a0f25f0a7974 -> f87a91ba911f6030453bea8d921b45d2
  custom:scripting/monoscript/fileName/BuildHelpers.cs: 60689066956cb69bbd1112f8f936b371 -> 52ee9552b5cbbfe4eb60d480e36ffff5
  custom:scripting/monoscript/fileName/XRLoaderOrderUI.cs: 65b20182e989272b7e0439cd47eae80e -> 7bb0491ac9109774b097f2da80cd0c03
  custom:video-encoder-webm-vp8: eb34c28f22e8b96e1ab97ce403110664 -> 
  custom:audio-decoder-ogg-vorbis: bf7c407c2cedff20999df2af8eb42d56 -> 
  custom:scripting/monoscript/fileName/EditorUtilities.cs: 01864f070e14f3584960ef5627cf9e55 -> 219d482e32bf0c01357e773617418955
  custom:scripting/monoscript/fileName/XRPackageInitialization.cs: 4687a00f1392b5bb00ca59be52d7c900 -> 1f095dd277a284b59543541a608de1da
  custom:scripting/monoscript/fileName/KnownPackages.cs: 8e3f5b7343537bbeab619d0c9113bdc3 -> 5131bbb130bb4652742f626552744ac4
  custom:scripting/monoscript/fileName/XRConstants.cs: 1730138bf046fc0a6b2954c86c6d0041 -> 1558884a4b0ea94b4910dd640a0e6741
  custom:scripting/monoscript/fileName/XRManagementAnalytics.cs: bf117eef22dee001b4c5f21604af7845 -> 546181baf4c03dbbd57015a6731508f8
  custom:scripting/monoscript/fileName/XRPackage.cs: a7ee512db104827eeeec71c027c7f720 -> f2edbbf87f9b798abaf2a9f285d155f5
  custom:audio-encoder-webm-vorbis: bf7c407c2cedff20999df2af8eb42d56 -> 
  custom:scripting/monoscript/fileName/XRPackageInitializationSettings.cs: 8fd1fa271763012401d1991ada19c70e -> 2f743437d3b09c9a4a5a33e9be971b1a
  custom:scripting/monoscript/fileName/XRPackageMetadata.cs: 4f8a12748efcdfd2878565fdb174a717 -> 16731333f575d8bc31df496aced36ebf
========================================================================
Received Prepare
Begin MonoManager ReloadAssembly
Symbol file LoadedFromMemory doesn't match image E:\Game-Platforms\Library\PackageCache\com.unity.visualscripting@1.8.0\Editor\VisualScripting.Core\Dependencies\YamlDotNet\Unity.VisualScripting.YamlDotNet.dll
Symbol file LoadedFromMemory doesn't match image E:\Game-Platforms\Library\PackageCache\com.unity.visualscripting@1.8.0\Editor\VisualScripting.Core\Dependencies\DotNetZip\Unity.VisualScripting.IonicZip.dll
- Loaded All Assemblies, in  0.793 seconds
Refreshing native plugins compatible for Editor in 9.35 ms, found 12 plugins.
Native extension for UWP target not found
Native extension for WindowsStandalone target not found
Native extension for Android target not found
[Package Manager] Server::EnsureServerProcessIsRunning -- launch failed, reason: Unity was launched with the -noUpm command-line argument
[Package Manager] UpmClient::Send -- Unable to send message (not connected to UPM process).
[Package Manager] Cannot connect to Unity Package Manager local server
System.Reflection.TargetInvocationException: Exception has been thrown by the target of an invocation. ---> System.NullReferenceException: Object reference not set to an instance of an object
  at Unity.XR.Oculus.OculusLoader.AssetPathToAbsolutePath (System.String assetPath) [0x0003d] in .\Library\PackageCache\com.unity.xr.oculus@4.0.0\Runtime\OculusLoader.cs:282 
  at Unity.XR.Oculus.OculusLoader.EditorLoadOVRPlugin () [0x0007b] in .\Library\PackageCache\com.unity.xr.oculus@4.0.0\Runtime\OculusLoader.cs:267 
  at (wrapper managed-to-native) System.Reflection.RuntimeMethodInfo.InternalInvoke(System.Reflection.RuntimeMethodInfo,object,object[],System.Exception&)
  at System.Reflection.RuntimeMethodInfo.Invoke (System.Object obj, System.Reflection.BindingFlags invokeAttr, System.Reflection.Binder binder, System.Object[] parameters, System.Globalization.CultureInfo culture) [0x0006a] in <605bf8b31fcb444b85176da963870aa7>:0 
   --- End of inner exception stack trace ---
  at System.Reflection.RuntimeMethodInfo.Invoke (System.Object obj, System.Reflection.BindingFlags invokeAttr, System.Reflection.Binder binder, System.Object[] parameters, System.Globalization.CultureInfo culture) [0x00083] in <605bf8b31fcb444b85176da963870aa7>:0 
  at System.Reflection.MethodBase.Invoke (System.Object obj, System.Object[] parameters) [0x00000] in <605bf8b31fcb444b85176da963870aa7>:0 
  at UnityEditor.EditorAssemblies.ProcessInitializeOnLoadMethodAttributes () [0x000a5] in <da771086bc2e4cfc9ad0a72e083a7f98>:0 
UnityEngine.StackTraceUtility:ExtractStackTrace ()
UnityEngine.DebugLogHandler:LogFormat (UnityEngine.LogType,UnityEngine.Object,string,object[])
UnityEngine.Logger:Log (UnityEngine.LogType,object)
UnityEngine.Debug:LogError (object)
UnityEditor.EditorAssemblies:ProcessInitializeOnLoadMethodAttributes ()

Mono: successfully reloaded assembly
[Package Manager] Server::EnsureServerProcessIsRunning -- launch failed, reason: Unity was launched with the -noUpm command-line argument
[Package Manager] UpmClient::Send -- Unable to send message (not connected to UPM process).
[Package Manager] Cannot connect to Unity Package Manager local server
- Finished resetting the current domain, in  1.218 seconds
Domain Reload Profiling: 2010ms
	BeginReloadAssembly (146ms)
		ExecutionOrderSort (0ms)
		DisableScriptedObjects (4ms)
		BackupInstance (0ms)
		ReleaseScriptingObjects (0ms)
		CreateAndSetChildDomain (47ms)
	RebuildCommonClasses (37ms)
	RebuildNativeTypeToScriptingClass (11ms)
	initialDomainReloadingComplete (24ms)
	LoadAllAssembliesAndSetupDomain (575ms)
		LoadAssemblies (268ms)
		RebuildTransferFunctionScriptingTraits (0ms)
		AnalyzeDomain (367ms)
			TypeCache.Refresh (354ms)
				TypeCache.ScanAssembly (341ms)
			ScanForSourceGeneratedMonoScriptInfo (0ms)
			ResolveRequiredComponents (13ms)
	FinalizeReload (1219ms)
		ReleaseScriptCaches (0ms)
		RebuildScriptCaches (0ms)
		SetupLoadedEditorAssemblies (662ms)
			LogAssemblyErrors (0ms)
			InitializePlatformSupportModulesInManaged (22ms)
			SetLoadedEditorAssemblies (5ms)
			RefreshPlugins (0ms)
			BeforeProcessingInitializeOnLoad (89ms)
			ProcessInitializeOnLoadAttributes (464ms)
			ProcessInitializeOnLoadMethodAttributes (77ms)
			AfterProcessingInitializeOnLoad (3ms)
			EditorAssembliesLoaded (0ms)
		ExecutionOrderSort2 (0ms)
		AwakeInstancesAfterBackupRestoration (10ms)
Refreshing native plugins compatible for Editor in 11.19 ms, found 12 plugins.
Preloading 1 native plugins for Editor in 0.07 ms.
Unloading 6263 Unused Serialized files (Serialized files now loaded: 0)
Unloading 74 unused Assets / (0.7 MB). Loaded Objects now: 6911.
Memory consumption went from 211.8 MB to 211.1 MB.
Total: 4.337600 ms (FindLiveObjects: 0.486100 ms CreateObjectMapping: 0.526600 ms MarkObjects: 2.997500 ms  DeleteObjects: 0.326300 ms)

Prepare: number of updated asset objects reloaded= 0
AssetImportParameters requested are different than current active one (requested -> active):
  custom:container-demuxer-ogg: 62fdf1f143b41e24485cea50d1cbac27 -> 
  custom:video-decoder-ogg-theora: a1e56fd34408186e4bbccfd4996cb3dc -> 
  custom:scripting/monoscript/fileName/XRGeneralSettingsPerBuildTarget.cs: 16ff37e57a568e497be4f0712a9a33c4 -> 6970e5bff368910038049eb1434facbf
  custom:scripting/monoscript/fileName/XRLoaderInfo.cs: 818894a2d66a1c67db7c4797664322f2 -> 86fa513bfc04d58509db292069910bf2
  custom:framework-win-MediaFoundation: 216162199b28c13a410421893ffa2e32 -> 
  custom:scripting/monoscript/fileName/XRSettingsManager.cs: 43c3d777d0c8ebd09beeda0c7fff1e95 -> 701988ef3c16e84d3bc781477493ab34
  custom:scripting/monoscript/fileName/IXRLoaderPreInit.cs: 60a65812967a6a994d323fb4a3bc40d7 -> 4dbca4fbe4a89e2a18943694f414e3a9
  custom:scripting/monoscript/fileName/XRGeneralBuildProcessor.cs: 0efaf30eeb6ecccfafe5b7912a15e1e1 -> d52e14652f14fd6e56a66a859653fea9
  custom:scripting/monoscript/fileName/XRGeneralSettings.cs: d08d3d9bd0dc40127f8f3154525c3cb3 -> 01e68fef49e5cbf622bb7b4ffc622d89
  custom:scripting/monoscript/fileName/XRManagerEditor.cs: 7d85fed4b8ad462e9dbb09e8d2f0aac4 -> 6847a9ea85cd2d801d895b625e9590ff
  custom:scripting/monoscript/fileName/XRBuildProcessorHelper.cs: 8f6297df34271fdb1ce2d9607ec6261d -> 90647cc400823b41df847a6cbfc29026
  custom:scripting/monoscript/fileName/TypeLoaderExtensions.cs: 3d9383ab701f2e57f1a038529027b2d7 -> ee5d3b5e5d81c98c5d3594e8b9153df0
  custom:CustomObjectIndexerAttribute: a3ef5dd2817f97addfee359851a9dba5 -> 
  custom:scripting/monoscript/fileName/XRConfigurationProvider.cs: b6037a01878f8a392f51d1eb57a74c21 -> fa91ddd62be7b4c45bfd03890af30249
  custom:scripting/monoscript/fileName/XREditorWorkQueue.cs: dab5497c8483e158d471edc9c890b6df -> 8e928039a032f154dc8a86537aaac69a
  custom:container-demuxer-webm: 4f35f7cbe854078d1ac9338744f61a02 -> 
  custom:scripting/monoscript/fileName/PackageNotificationUtils.cs: b122d810307522aba068b1ac06f7cf0f -> e493f521fc1755dec19875ae28a4f621
  custom:scripting/monoscript/fileName/XRPackageMetadataStore.cs: d9d78f910195bd2f088340a24a66c769 -> e06e5e9ffca9529e9db63900dd9caf32
  custom:scripting/monoscript/fileName/XRLoaderInfoManager.cs: 372bb785917be4037ad09602c4baf05a -> 28efaa63edac30b89ccc35ca2bf149fa
  custom:scripting/monoscript/fileName/XRConfigurationData.cs: 713f6b36380d0712ad8a9b08f19954ed -> 2cf07b13d54bfee2898ed6dc38612fbb
  custom:scripting/monoscript/fileName/XRManagerSettings.cs: 2ba91bbcf8d586faaa2b8e5422b0984f -> 39a1227fa3c478af29a735ec246b6baf
  custom:scripting/monoscript/fileName/XRLegacyUninstaller.cs: 5eab1913f4344c5c616ea18e03ba346f -> b85851af39f83959c5c298effbf32139
  custom:scripting/monoscript/fileName/XRCustomLoaderUIManager.cs: 177a81916dab61baa07e1ecf7d381d35 -> 4be5a8f671a1d808dd1496961b79b86b
  custom:container-muxer-webm: aa71ff27fc2769a1b78a27578f13a17b -> 
  custom:video-decoder-webm-vp8: 9c59270c3fd7afecdb556c50c9e8de78 -> 
  custom:scripting/monoscript/fileName/XRGeneralSettingsUpgrade.cs: 98c0aaec402c0674f97631d2b5f2a00f -> cc8d2e81204b3fd0e662cd38ef4a2d49
  custom:AudioImporter_EditorPlatform: d09bf68614088b80899f8185d706f6e7 -> 
  custom:scripting/monoscript/fileName/XRCustomLoaderUI.cs: 68887eacb86f7c8c452f082dde8bf048 -> a1b6225426bb5004db8b9d7388fe5771
  custom:scripting/monoscript/fileName/XRLoaderHelper.cs: e785a36687843ea6d40b3bb49d46a2ce -> ae85c4c4a11fcc1ed3393963333e400c
  custom:scripting/monoscript/fileName/XRLoader.cs: 8f1bb337f7721c83af550d3df06246de -> d82cec0b87bab7dffe74fb3651887ce3
  custom:scripting/monoscript/fileName/XRSupportedBuildTargetAttribute.cs: d075f5cdbd7f3fba5045a0f25f0a7974 -> f87a91ba911f6030453bea8d921b45d2
  custom:scripting/monoscript/fileName/BuildHelpers.cs: 60689066956cb69bbd1112f8f936b371 -> 52ee9552b5cbbfe4eb60d480e36ffff5
  custom:scripting/monoscript/fileName/XRLoaderOrderUI.cs: 65b20182e989272b7e0439cd47eae80e -> 7bb0491ac9109774b097f2da80cd0c03
  custom:video-encoder-webm-vp8: eb34c28f22e8b96e1ab97ce403110664 -> 
  custom:audio-decoder-ogg-vorbis: bf7c407c2cedff20999df2af8eb42d56 -> 
  custom:scripting/monoscript/fileName/EditorUtilities.cs: 01864f070e14f3584960ef5627cf9e55 -> 219d482e32bf0c01357e773617418955
  custom:scripting/monoscript/fileName/XRPackageInitialization.cs: 4687a00f1392b5bb00ca59be52d7c900 -> 1f095dd277a284b59543541a608de1da
  custom:scripting/monoscript/fileName/KnownPackages.cs: 8e3f5b7343537bbeab619d0c9113bdc3 -> 5131bbb130bb4652742f626552744ac4
  custom:scripting/monoscript/fileName/XRConstants.cs: 1730138bf046fc0a6b2954c86c6d0041 -> 1558884a4b0ea94b4910dd640a0e6741
  custom:scripting/monoscript/fileName/XRManagementAnalytics.cs: bf117eef22dee001b4c5f21604af7845 -> 546181baf4c03dbbd57015a6731508f8
  custom:scripting/monoscript/fileName/XRPackage.cs: a7ee512db104827eeeec71c027c7f720 -> f2edbbf87f9b798abaf2a9f285d155f5
  custom:audio-encoder-webm-vorbis: bf7c407c2cedff20999df2af8eb42d56 -> 
  custom:scripting/monoscript/fileName/XRPackageInitializationSettings.cs: 8fd1fa271763012401d1991ada19c70e -> 2f743437d3b09c9a4a5a33e9be971b1a
  custom:scripting/monoscript/fileName/XRPackageMetadata.cs: 4f8a12748efcdfd2878565fdb174a717 -> 16731333f575d8bc31df496aced36ebf
========================================================================
Received Prepare
Begin MonoManager ReloadAssembly
Symbol file LoadedFromMemory doesn't match image E:\Game-Platforms\Library\PackageCache\com.unity.visualscripting@1.8.0\Editor\VisualScripting.Core\Dependencies\YamlDotNet\Unity.VisualScripting.YamlDotNet.dll
Symbol file LoadedFromMemory doesn't match image E:\Game-Platforms\Library\PackageCache\com.unity.visualscripting@1.8.0\Editor\VisualScripting.Core\Dependencies\DotNetZip\Unity.VisualScripting.IonicZip.dll
- Loaded All Assemblies, in  0.802 seconds
Refreshing native plugins compatible for Editor in 8.94 ms, found 12 plugins.
Native extension for UWP target not found
Native extension for WindowsStandalone target not found
Native extension for Android target not found
[Package Manager] Server::EnsureServerProcessIsRunning -- launch failed, reason: Unity was launched with the -noUpm command-line argument
[Package Manager] UpmClient::Send -- Unable to send message (not connected to UPM process).
[Package Manager] Cannot connect to Unity Package Manager local server
System.Reflection.TargetInvocationException: Exception has been thrown by the target of an invocation. ---> System.NullReferenceException: Object reference not set to an instance of an object
  at Unity.XR.Oculus.OculusLoader.AssetPathToAbsolutePath (System.String assetPath) [0x0003d] in .\Library\PackageCache\com.unity.xr.oculus@4.0.0\Runtime\OculusLoader.cs:282 
  at Unity.XR.Oculus.OculusLoader.EditorLoadOVRPlugin () [0x0007b] in .\Library\PackageCache\com.unity.xr.oculus@4.0.0\Runtime\OculusLoader.cs:267 
  at (wrapper managed-to-native) System.Reflection.RuntimeMethodInfo.InternalInvoke(System.Reflection.RuntimeMethodInfo,object,object[],System.Exception&)
  at System.Reflection.RuntimeMethodInfo.Invoke (System.Object obj, System.Reflection.BindingFlags invokeAttr, System.Reflection.Binder binder, System.Object[] parameters, System.Globalization.CultureInfo culture) [0x0006a] in <605bf8b31fcb444b85176da963870aa7>:0 
   --- End of inner exception stack trace ---
  at System.Reflection.RuntimeMethodInfo.Invoke (System.Object obj, System.Reflection.BindingFlags invokeAttr, System.Reflection.Binder binder, System.Object[] parameters, System.Globalization.CultureInfo culture) [0x00083] in <605bf8b31fcb444b85176da963870aa7>:0 
  at System.Reflection.MethodBase.Invoke (System.Object obj, System.Object[] parameters) [0x00000] in <605bf8b31fcb444b85176da963870aa7>:0 
  at UnityEditor.EditorAssemblies.ProcessInitializeOnLoadMethodAttributes () [0x000a5] in <da771086bc2e4cfc9ad0a72e083a7f98>:0 
UnityEngine.StackTraceUtility:ExtractStackTrace ()
UnityEngine.DebugLogHandler:LogFormat (UnityEngine.LogType,UnityEngine.Object,string,object[])
UnityEngine.Logger:Log (UnityEngine.LogType,object)
UnityEngine.Debug:LogError (object)
UnityEditor.EditorAssemblies:ProcessInitializeOnLoadMethodAttributes ()

Mono: successfully reloaded assembly
[Package Manager] Server::EnsureServerProcessIsRunning -- launch failed, reason: Unity was launched with the -noUpm command-line argument
[Package Manager] UpmClient::Send -- Unable to send message (not connected to UPM process).
[Package Manager] Cannot connect to Unity Package Manager local server
- Finished resetting the current domain, in  1.227 seconds
Domain Reload Profiling: 2027ms
	BeginReloadAssembly (150ms)
		ExecutionOrderSort (0ms)
		DisableScriptedObjects (4ms)
		BackupInstance (0ms)
		ReleaseScriptingObjects (0ms)
		CreateAndSetChildDomain (47ms)
	RebuildCommonClasses (35ms)
	RebuildNativeTypeToScriptingClass (11ms)
	initialDomainReloadingComplete (27ms)
	LoadAllAssembliesAndSetupDomain (577ms)
		LoadAssemblies (270ms)
		RebuildTransferFunctionScriptingTraits (0ms)
		AnalyzeDomain (369ms)
			TypeCache.Refresh (357ms)
				TypeCache.ScanAssembly (343ms)
			ScanForSourceGeneratedMonoScriptInfo (0ms)
			ResolveRequiredComponents (12ms)
	FinalizeReload (1228ms)
		ReleaseScriptCaches (0ms)
		RebuildScriptCaches (0ms)
		SetupLoadedEditorAssemblies (668ms)
			LogAssemblyErrors (0ms)
			InitializePlatformSupportModulesInManaged (22ms)
			SetLoadedEditorAssemblies (5ms)
			RefreshPlugins (0ms)
			BeforeProcessingInitializeOnLoad (90ms)
			ProcessInitializeOnLoadAttributes (458ms)
			ProcessInitializeOnLoadMethodAttributes (88ms)
			AfterProcessingInitializeOnLoad (4ms)
			EditorAssembliesLoaded (0ms)
		ExecutionOrderSort2 (0ms)
		AwakeInstancesAfterBackupRestoration (14ms)
Refreshing native plugins compatible for Editor in 10.54 ms, found 12 plugins.
Preloading 1 native plugins for Editor in 0.05 ms.
Unloading 6263 Unused Serialized files (Serialized files now loaded: 0)
Unloading 74 unused Assets / (0.7 MB). Loaded Objects now: 6916.
Memory consumption went from 211.8 MB to 211.1 MB.
Total: 4.489400 ms (FindLiveObjects: 0.483200 ms CreateObjectMapping: 0.522500 ms MarkObjects: 3.154400 ms  DeleteObjects: 0.328300 ms)

Prepare: number of updated asset objects reloaded= 0
AssetImportParameters requested are different than current active one (requested -> active):
  custom:container-demuxer-ogg: 62fdf1f143b41e24485cea50d1cbac27 -> 
  custom:video-decoder-ogg-theora: a1e56fd34408186e4bbccfd4996cb3dc -> 
  custom:scripting/monoscript/fileName/XRGeneralSettingsPerBuildTarget.cs: 16ff37e57a568e497be4f0712a9a33c4 -> 6970e5bff368910038049eb1434facbf
  custom:scripting/monoscript/fileName/XRLoaderInfo.cs: 818894a2d66a1c67db7c4797664322f2 -> 86fa513bfc04d58509db292069910bf2
  custom:framework-win-MediaFoundation: 216162199b28c13a410421893ffa2e32 -> 
  custom:scripting/monoscript/fileName/XRSettingsManager.cs: 43c3d777d0c8ebd09beeda0c7fff1e95 -> 701988ef3c16e84d3bc781477493ab34
  custom:scripting/monoscript/fileName/IXRLoaderPreInit.cs: 60a65812967a6a994d323fb4a3bc40d7 -> 4dbca4fbe4a89e2a18943694f414e3a9
  custom:scripting/monoscript/fileName/XRGeneralBuildProcessor.cs: 0efaf30eeb6ecccfafe5b7912a15e1e1 -> d52e14652f14fd6e56a66a859653fea9
  custom:scripting/monoscript/fileName/XRGeneralSettings.cs: d08d3d9bd0dc40127f8f3154525c3cb3 -> 01e68fef49e5cbf622bb7b4ffc622d89
  custom:scripting/monoscript/fileName/XRManagerEditor.cs: 7d85fed4b8ad462e9dbb09e8d2f0aac4 -> 6847a9ea85cd2d801d895b625e9590ff
  custom:scripting/monoscript/fileName/XRBuildProcessorHelper.cs: 8f6297df34271fdb1ce2d9607ec6261d -> 90647cc400823b41df847a6cbfc29026
  custom:scripting/monoscript/fileName/TypeLoaderExtensions.cs: 3d9383ab701f2e57f1a038529027b2d7 -> ee5d3b5e5d81c98c5d3594e8b9153df0
  custom:CustomObjectIndexerAttribute: a3ef5dd2817f97addfee359851a9dba5 -> 
  custom:scripting/monoscript/fileName/XRConfigurationProvider.cs: b6037a01878f8a392f51d1eb57a74c21 -> fa91ddd62be7b4c45bfd03890af30249
  custom:scripting/monoscript/fileName/XREditorWorkQueue.cs: dab5497c8483e158d471edc9c890b6df -> 8e928039a032f154dc8a86537aaac69a
  custom:container-demuxer-webm: 4f35f7cbe854078d1ac9338744f61a02 -> 
  custom:scripting/monoscript/fileName/PackageNotificationUtils.cs: b122d810307522aba068b1ac06f7cf0f -> e493f521fc1755dec19875ae28a4f621
  custom:scripting/monoscript/fileName/XRPackageMetadataStore.cs: d9d78f910195bd2f088340a24a66c769 -> e06e5e9ffca9529e9db63900dd9caf32
  custom:scripting/monoscript/fileName/XRLoaderInfoManager.cs: 372bb785917be4037ad09602c4baf05a -> 28efaa63edac30b89ccc35ca2bf149fa
  custom:scripting/monoscript/fileName/XRConfigurationData.cs: 713f6b36380d0712ad8a9b08f19954ed -> 2cf07b13d54bfee2898ed6dc38612fbb
  custom:scripting/monoscript/fileName/XRManagerSettings.cs: 2ba91bbcf8d586faaa2b8e5422b0984f -> 39a1227fa3c478af29a735ec246b6baf
  custom:scripting/monoscript/fileName/XRLegacyUninstaller.cs: 5eab1913f4344c5c616ea18e03ba346f -> b85851af39f83959c5c298effbf32139
  custom:scripting/monoscript/fileName/XRCustomLoaderUIManager.cs: 177a81916dab61baa07e1ecf7d381d35 -> 4be5a8f671a1d808dd1496961b79b86b
  custom:container-muxer-webm: aa71ff27fc2769a1b78a27578f13a17b -> 
  custom:video-decoder-webm-vp8: 9c59270c3fd7afecdb556c50c9e8de78 -> 
  custom:scripting/monoscript/fileName/XRGeneralSettingsUpgrade.cs: 98c0aaec402c0674f97631d2b5f2a00f -> cc8d2e81204b3fd0e662cd38ef4a2d49
  custom:AudioImporter_EditorPlatform: d09bf68614088b80899f8185d706f6e7 -> 
  custom:scripting/monoscript/fileName/XRCustomLoaderUI.cs: 68887eacb86f7c8c452f082dde8bf048 -> a1b6225426bb5004db8b9d7388fe5771
  custom:scripting/monoscript/fileName/XRLoaderHelper.cs: e785a36687843ea6d40b3bb49d46a2ce -> ae85c4c4a11fcc1ed3393963333e400c
  custom:scripting/monoscript/fileName/XRLoader.cs: 8f1bb337f7721c83af550d3df06246de -> d82cec0b87bab7dffe74fb3651887ce3
  custom:scripting/monoscript/fileName/XRSupportedBuildTargetAttribute.cs: d075f5cdbd7f3fba5045a0f25f0a7974 -> f87a91ba911f6030453bea8d921b45d2
  custom:scripting/monoscript/fileName/BuildHelpers.cs: 60689066956cb69bbd1112f8f936b371 -> 52ee9552b5cbbfe4eb60d480e36ffff5
  custom:scripting/monoscript/fileName/XRLoaderOrderUI.cs: 65b20182e989272b7e0439cd47eae80e -> 7bb0491ac9109774b097f2da80cd0c03
  custom:video-encoder-webm-vp8: eb34c28f22e8b96e1ab97ce403110664 -> 
  custom:audio-decoder-ogg-vorbis: bf7c407c2cedff20999df2af8eb42d56 -> 
  custom:scripting/monoscript/fileName/EditorUtilities.cs: 01864f070e14f3584960ef5627cf9e55 -> 219d482e32bf0c01357e773617418955
  custom:scripting/monoscript/fileName/XRPackageInitialization.cs: 4687a00f1392b5bb00ca59be52d7c900 -> 1f095dd277a284b59543541a608de1da
  custom:scripting/monoscript/fileName/KnownPackages.cs: 8e3f5b7343537bbeab619d0c9113bdc3 -> 5131bbb130bb4652742f626552744ac4
  custom:scripting/monoscript/fileName/XRConstants.cs: 1730138bf046fc0a6b2954c86c6d0041 -> 1558884a4b0ea94b4910dd640a0e6741
  custom:scripting/monoscript/fileName/XRManagementAnalytics.cs: bf117eef22dee001b4c5f21604af7845 -> 546181baf4c03dbbd57015a6731508f8
  custom:scripting/monoscript/fileName/XRPackage.cs: a7ee512db104827eeeec71c027c7f720 -> f2edbbf87f9b798abaf2a9f285d155f5
  custom:audio-encoder-webm-vorbis: bf7c407c2cedff20999df2af8eb42d56 -> 
  custom:scripting/monoscript/fileName/XRPackageInitializationSettings.cs: 8fd1fa271763012401d1991ada19c70e -> 2f743437d3b09c9a4a5a33e9be971b1a
  custom:scripting/monoscript/fileName/XRPackageMetadata.cs: 4f8a12748efcdfd2878565fdb174a717 -> 16731333f575d8bc31df496aced36ebf
========================================================================
Received Prepare
Refreshing native plugins compatible for Editor in 12.27 ms, found 12 plugins.
Preloading 1 native plugins for Editor in 0.08 ms.
Unloading 4 Unused Serialized files (Serialized files now loaded: 0)
Unloading 4 unused Assets / (0.7 MB). Loaded Objects now: 6916.
Memory consumption went from 115.2 MB to 114.5 MB.
Total: 7.392200 ms (FindLiveObjects: 0.846700 ms CreateObjectMapping: 0.905100 ms MarkObjects: 5.353500 ms  DeleteObjects: 0.285400 ms)

Prepare: number of updated asset objects reloaded= 0
AssetImportParameters requested are different than current active one (requested -> active):
  custom:container-demuxer-ogg: 62fdf1f143b41e24485cea50d1cbac27 -> 
  custom:video-decoder-ogg-theora: a1e56fd34408186e4bbccfd4996cb3dc -> 
  custom:scripting/monoscript/fileName/XRGeneralSettingsPerBuildTarget.cs: 16ff37e57a568e497be4f0712a9a33c4 -> 6970e5bff368910038049eb1434facbf
  custom:scripting/monoscript/fileName/XRLoaderInfo.cs: 818894a2d66a1c67db7c4797664322f2 -> 86fa513bfc04d58509db292069910bf2
  custom:framework-win-MediaFoundation: 216162199b28c13a410421893ffa2e32 -> 
  custom:scripting/monoscript/fileName/XRSettingsManager.cs: 43c3d777d0c8ebd09beeda0c7fff1e95 -> 701988ef3c16e84d3bc781477493ab34
  custom:scripting/monoscript/fileName/IXRLoaderPreInit.cs: 60a65812967a6a994d323fb4a3bc40d7 -> 4dbca4fbe4a89e2a18943694f414e3a9
  custom:scripting/monoscript/fileName/XRGeneralBuildProcessor.cs: 0efaf30eeb6ecccfafe5b7912a15e1e1 -> d52e14652f14fd6e56a66a859653fea9
  custom:scripting/monoscript/fileName/XRGeneralSettings.cs: d08d3d9bd0dc40127f8f3154525c3cb3 -> 01e68fef49e5cbf622bb7b4ffc622d89
  custom:scripting/monoscript/fileName/XRManagerEditor.cs: 7d85fed4b8ad462e9dbb09e8d2f0aac4 -> 6847a9ea85cd2d801d895b625e9590ff
  custom:scripting/monoscript/fileName/XRBuildProcessorHelper.cs: 8f6297df34271fdb1ce2d9607ec6261d -> 90647cc400823b41df847a6cbfc29026
  custom:scripting/monoscript/fileName/TypeLoaderExtensions.cs: 3d9383ab701f2e57f1a038529027b2d7 -> ee5d3b5e5d81c98c5d3594e8b9153df0
  custom:CustomObjectIndexerAttribute: a3ef5dd2817f97addfee359851a9dba5 -> 
  custom:scripting/monoscript/fileName/XRConfigurationProvider.cs: b6037a01878f8a392f51d1eb57a74c21 -> fa91ddd62be7b4c45bfd03890af30249
  custom:scripting/monoscript/fileName/XREditorWorkQueue.cs: dab5497c8483e158d471edc9c890b6df -> 8e928039a032f154dc8a86537aaac69a
  custom:container-demuxer-webm: 4f35f7cbe854078d1ac9338744f61a02 -> 
  custom:scripting/monoscript/fileName/PackageNotificationUtils.cs: b122d810307522aba068b1ac06f7cf0f -> e493f521fc1755dec19875ae28a4f621
  custom:scripting/monoscript/fileName/XRPackageMetadataStore.cs: d9d78f910195bd2f088340a24a66c769 -> e06e5e9ffca9529e9db63900dd9caf32
  custom:scripting/monoscript/fileName/XRLoaderInfoManager.cs: 372bb785917be4037ad09602c4baf05a -> 28efaa63edac30b89ccc35ca2bf149fa
  custom:scripting/monoscript/fileName/XRConfigurationData.cs: 713f6b36380d0712ad8a9b08f19954ed -> 2cf07b13d54bfee2898ed6dc38612fbb
  custom:scripting/monoscript/fileName/XRManagerSettings.cs: 2ba91bbcf8d586faaa2b8e5422b0984f -> 39a1227fa3c478af29a735ec246b6baf
  custom:scripting/monoscript/fileName/XRLegacyUninstaller.cs: 5eab1913f4344c5c616ea18e03ba346f -> b85851af39f83959c5c298effbf32139
  custom:scripting/monoscript/fileName/XRCustomLoaderUIManager.cs: 177a81916dab61baa07e1ecf7d381d35 -> 4be5a8f671a1d808dd1496961b79b86b
  custom:container-muxer-webm: aa71ff27fc2769a1b78a27578f13a17b -> 
  custom:video-decoder-webm-vp8: 9c59270c3fd7afecdb556c50c9e8de78 -> 
  custom:scripting/monoscript/fileName/XRGeneralSettingsUpgrade.cs: 98c0aaec402c0674f97631d2b5f2a00f -> cc8d2e81204b3fd0e662cd38ef4a2d49
  custom:AudioImporter_EditorPlatform: d09bf68614088b80899f8185d706f6e7 -> 
  custom:scripting/monoscript/fileName/XRCustomLoaderUI.cs: 68887eacb86f7c8c452f082dde8bf048 -> a1b6225426bb5004db8b9d7388fe5771
  custom:scripting/monoscript/fileName/XRLoaderHelper.cs: e785a36687843ea6d40b3bb49d46a2ce -> ae85c4c4a11fcc1ed3393963333e400c
  custom:scripting/monoscript/fileName/XRLoader.cs: 8f1bb337f7721c83af550d3df06246de -> d82cec0b87bab7dffe74fb3651887ce3
  custom:scripting/monoscript/fileName/XRSupportedBuildTargetAttribute.cs: d075f5cdbd7f3fba5045a0f25f0a7974 -> f87a91ba911f6030453bea8d921b45d2
  custom:scripting/monoscript/fileName/BuildHelpers.cs: 60689066956cb69bbd1112f8f936b371 -> 52ee9552b5cbbfe4eb60d480e36ffff5
  custom:scripting/monoscript/fileName/XRLoaderOrderUI.cs: 65b20182e989272b7e0439cd47eae80e -> 7bb0491ac9109774b097f2da80cd0c03
  custom:video-encoder-webm-vp8: eb34c28f22e8b96e1ab97ce403110664 -> 
  custom:audio-decoder-ogg-vorbis: bf7c407c2cedff20999df2af8eb42d56 -> 
  custom:scripting/monoscript/fileName/EditorUtilities.cs: 01864f070e14f3584960ef5627cf9e55 -> 219d482e32bf0c01357e773617418955
  custom:scripting/monoscript/fileName/XRPackageInitialization.cs: 4687a00f1392b5bb00ca59be52d7c900 -> 1f095dd277a284b59543541a608de1da
  custom:scripting/monoscript/fileName/KnownPackages.cs: 8e3f5b7343537bbeab619d0c9113bdc3 -> 5131bbb130bb4652742f626552744ac4
  custom:scripting/monoscript/fileName/XRConstants.cs: 1730138bf046fc0a6b2954c86c6d0041 -> 1558884a4b0ea94b4910dd640a0e6741
  custom:scripting/monoscript/fileName/XRManagementAnalytics.cs: bf117eef22dee001b4c5f21604af7845 -> 546181baf4c03dbbd57015a6731508f8
  custom:scripting/monoscript/fileName/XRPackage.cs: a7ee512db104827eeeec71c027c7f720 -> f2edbbf87f9b798abaf2a9f285d155f5
  custom:audio-encoder-webm-vorbis: bf7c407c2cedff20999df2af8eb42d56 -> 
  custom:scripting/monoscript/fileName/XRPackageInitializationSettings.cs: 8fd1fa271763012401d1991ada19c70e -> 2f743437d3b09c9a4a5a33e9be971b1a
  custom:scripting/monoscript/fileName/XRPackageMetadata.cs: 4f8a12748efcdfd2878565fdb174a717 -> 16731333f575d8bc31df496aced36ebf
========================================================================
Received Prepare
Refreshing native plugins compatible for Editor in 14.27 ms, found 12 plugins.
Preloading 1 native plugins for Editor in 0.07 ms.
Unloading 4 Unused Serialized files (Serialized files now loaded: 0)
Unloading 4 unused Assets / (0.6 MB). Loaded Objects now: 6916.
Memory consumption went from 114.2 MB to 113.6 MB.
Total: 4.339900 ms (FindLiveObjects: 0.552600 ms CreateObjectMapping: 0.489200 ms MarkObjects: 3.018900 ms  DeleteObjects: 0.278400 ms)

Prepare: number of updated asset objects reloaded= 0
AssetImportParameters requested are different than current active one (requested -> active):
  custom:container-demuxer-ogg: 62fdf1f143b41e24485cea50d1cbac27 -> 
  custom:video-decoder-ogg-theora: a1e56fd34408186e4bbccfd4996cb3dc -> 
  custom:scripting/monoscript/fileName/XRGeneralSettingsPerBuildTarget.cs: 16ff37e57a568e497be4f0712a9a33c4 -> 6970e5bff368910038049eb1434facbf
  custom:scripting/monoscript/fileName/XRLoaderInfo.cs: 818894a2d66a1c67db7c4797664322f2 -> 86fa513bfc04d58509db292069910bf2
  custom:framework-win-MediaFoundation: 216162199b28c13a410421893ffa2e32 -> 
  custom:scripting/monoscript/fileName/XRSettingsManager.cs: 43c3d777d0c8ebd09beeda0c7fff1e95 -> 701988ef3c16e84d3bc781477493ab34
  custom:scripting/monoscript/fileName/IXRLoaderPreInit.cs: 60a65812967a6a994d323fb4a3bc40d7 -> 4dbca4fbe4a89e2a18943694f414e3a9
  custom:scripting/monoscript/fileName/XRGeneralBuildProcessor.cs: 0efaf30eeb6ecccfafe5b7912a15e1e1 -> d52e14652f14fd6e56a66a859653fea9
  custom:scripting/monoscript/fileName/XRGeneralSettings.cs: d08d3d9bd0dc40127f8f3154525c3cb3 -> 01e68fef49e5cbf622bb7b4ffc622d89
  custom:scripting/monoscript/fileName/XRManagerEditor.cs: 7d85fed4b8ad462e9dbb09e8d2f0aac4 -> 6847a9ea85cd2d801d895b625e9590ff
  custom:scripting/monoscript/fileName/XRBuildProcessorHelper.cs: 8f6297df34271fdb1ce2d9607ec6261d -> 90647cc400823b41df847a6cbfc29026
  custom:scripting/monoscript/fileName/TypeLoaderExtensions.cs: 3d9383ab701f2e57f1a038529027b2d7 -> ee5d3b5e5d81c98c5d3594e8b9153df0
  custom:CustomObjectIndexerAttribute: a3ef5dd2817f97addfee359851a9dba5 -> 
  custom:scripting/monoscript/fileName/XRConfigurationProvider.cs: b6037a01878f8a392f51d1eb57a74c21 -> fa91ddd62be7b4c45bfd03890af30249
  custom:scripting/monoscript/fileName/XREditorWorkQueue.cs: dab5497c8483e158d471edc9c890b6df -> 8e928039a032f154dc8a86537aaac69a
  custom:container-demuxer-webm: 4f35f7cbe854078d1ac9338744f61a02 -> 
  custom:scripting/monoscript/fileName/PackageNotificationUtils.cs: b122d810307522aba068b1ac06f7cf0f -> e493f521fc1755dec19875ae28a4f621
  custom:scripting/monoscript/fileName/XRPackageMetadataStore.cs: d9d78f910195bd2f088340a24a66c769 -> e06e5e9ffca9529e9db63900dd9caf32
  custom:scripting/monoscript/fileName/XRLoaderInfoManager.cs: 372bb785917be4037ad09602c4baf05a -> 28efaa63edac30b89ccc35ca2bf149fa
  custom:scripting/monoscript/fileName/XRConfigurationData.cs: 713f6b36380d0712ad8a9b08f19954ed -> 2cf07b13d54bfee2898ed6dc38612fbb
  custom:scripting/monoscript/fileName/XRManagerSettings.cs: 2ba91bbcf8d586faaa2b8e5422b0984f -> 39a1227fa3c478af29a735ec246b6baf
  custom:scripting/monoscript/fileName/XRLegacyUninstaller.cs: 5eab1913f4344c5c616ea18e03ba346f -> b85851af39f83959c5c298effbf32139
  custom:scripting/monoscript/fileName/XRCustomLoaderUIManager.cs: 177a81916dab61baa07e1ecf7d381d35 -> 4be5a8f671a1d808dd1496961b79b86b
  custom:container-muxer-webm: aa71ff27fc2769a1b78a27578f13a17b -> 
  custom:video-decoder-webm-vp8: 9c59270c3fd7afecdb556c50c9e8de78 -> 
  custom:scripting/monoscript/fileName/XRGeneralSettingsUpgrade.cs: 98c0aaec402c0674f97631d2b5f2a00f -> cc8d2e81204b3fd0e662cd38ef4a2d49
  custom:AudioImporter_EditorPlatform: d09bf68614088b80899f8185d706f6e7 -> 
  custom:scripting/monoscript/fileName/XRCustomLoaderUI.cs: 68887eacb86f7c8c452f082dde8bf048 -> a1b6225426bb5004db8b9d7388fe5771
  custom:scripting/monoscript/fileName/XRLoaderHelper.cs: e785a36687843ea6d40b3bb49d46a2ce -> ae85c4c4a11fcc1ed3393963333e400c
  custom:scripting/monoscript/fileName/XRLoader.cs: 8f1bb337f7721c83af550d3df06246de -> d82cec0b87bab7dffe74fb3651887ce3
  custom:scripting/monoscript/fileName/XRSupportedBuildTargetAttribute.cs: d075f5cdbd7f3fba5045a0f25f0a7974 -> f87a91ba911f6030453bea8d921b45d2
  custom:scripting/monoscript/fileName/BuildHelpers.cs: 60689066956cb69bbd1112f8f936b371 -> 52ee9552b5cbbfe4eb60d480e36ffff5
  custom:scripting/monoscript/fileName/XRLoaderOrderUI.cs: 65b20182e989272b7e0439cd47eae80e -> 7bb0491ac9109774b097f2da80cd0c03
  custom:video-encoder-webm-vp8: eb34c28f22e8b96e1ab97ce403110664 -> 
  custom:audio-decoder-ogg-vorbis: bf7c407c2cedff20999df2af8eb42d56 -> 
  custom:scripting/monoscript/fileName/EditorUtilities.cs: 01864f070e14f3584960ef5627cf9e55 -> 219d482e32bf0c01357e773617418955
  custom:scripting/monoscript/fileName/XRPackageInitialization.cs: 4687a00f1392b5bb00ca59be52d7c900 -> 1f095dd277a284b59543541a608de1da
  custom:scripting/monoscript/fileName/KnownPackages.cs: 8e3f5b7343537bbeab619d0c9113bdc3 -> 5131bbb130bb4652742f626552744ac4
  custom:scripting/monoscript/fileName/XRConstants.cs: 1730138bf046fc0a6b2954c86c6d0041 -> 1558884a4b0ea94b4910dd640a0e6741
  custom:scripting/monoscript/fileName/XRManagementAnalytics.cs: bf117eef22dee001b4c5f21604af7845 -> 546181baf4c03dbbd57015a6731508f8
  custom:scripting/monoscript/fileName/XRPackage.cs: a7ee512db104827eeeec71c027c7f720 -> f2edbbf87f9b798abaf2a9f285d155f5
  custom:audio-encoder-webm-vorbis: bf7c407c2cedff20999df2af8eb42d56 -> 
  custom:scripting/monoscript/fileName/XRPackageInitializationSettings.cs: 8fd1fa271763012401d1991ada19c70e -> 2f743437d3b09c9a4a5a33e9be971b1a
  custom:scripting/monoscript/fileName/XRPackageMetadata.cs: 4f8a12748efcdfd2878565fdb174a717 -> 16731333f575d8bc31df496aced36ebf
